<?xml version="1.0" encoding="UTF-8"?>
<testng-results skipped="0" failed="0" total="1" passed="1">
  <reporter-output>
  </reporter-output>
  <suite name="Default suite" duration-ms="12522" started-at="2015-12-23T08:43:35Z" finished-at="2015-12-23T08:43:47Z">
    <groups>
    </groups>
    <test name="Default test" duration-ms="12522" started-at="2015-12-23T08:43:35Z" finished-at="2015-12-23T08:43:47Z">
      <class name="com.example.client.errata.ErrataRPCCallTest">
        <test-method status="PASS" signature="setUpHandler()[pri:0, instance:com.example.client.errata.ErrataRPCCallTest@124fd791]" name="setUpHandler" is-config="true" duration-ms="15" started-at="2015-12-23T16:43:35Z" finished-at="2015-12-23T16:43:35Z">
          <reporter-output>
          </reporter-output>
        </test-method> <!-- setUpHandler -->
        <test-method status="PASS" signature="testGetUser()[pri:0, instance:com.example.client.errata.ErrataRPCCallTest@124fd791]" name="testGetUser" duration-ms="12495" started-at="2015-12-23T16:43:35Z" finished-at="2015-12-23T16:43:47Z">
          <reporter-output>
          </reporter-output>
        </test-method> <!-- testGetUser -->
      </class> <!-- com.example.client.errata.ErrataRPCCallTest -->
    </test> <!-- Default test -->
  </suite> <!-- Default suite -->
</testng-results>
